# JRE version: Java(TM) SE Runtime Environment (8.0_161-b12) (build 1.8.0_161-b12)
# Java VM: Java HotSpot(TM) 64-Bit Server VM (25.161-b12 mixed mode linux-amd64 compressed oops)
Heap:
 PSYoungGen      total 407552K, used 380K [0x00000000d7200000, 0x00000000f0100000, 0x0000000100000000)
  eden space 406528K, 0% used [0x00000000d7200000,0x00000000d7200000,0x00000000eff00000)
  from space 1024K, 37% used [0x00000000eff00000,0x00000000eff5f350,0x00000000f0000000)
  to   space 1024K, 0% used [0x00000000f0000000,0x00000000f0000000,0x00000000f0100000)
 ParOldGen       total 84992K, used 404K [0x0000000085600000, 0x000000008a900000, 0x00000000d7200000)
  object space 84992K, 0% used [0x0000000085600000,0x0000000085665060,0x000000008a900000)
 Metaspace       used 2780K, capacity 4502K, committed 4864K, reserved 1056768K
  class space    used 300K, capacity 390K, committed 512K, reserved 1048576K
GC Heap History (10 events):
Event: 1,000 GC heap after
Heap after GC invocations=6 (full 0):
 PSYoungGen      total 128000K, used 562K [0x00000000d7200000, 0x00000000df000000, 0x0000000100000000)
  eden space 126976K, 0% used [0x00000000d7200000,0x00000000d7200000,0x00000000dee00000)
  from space 1024K, 54% used [0x00000000def00000,0x00000000def8cbe0,0x00000000df000000)
  to   space 1024K, 0% used [0x00000000dee00000,0x00000000dee00000,0x00000000def00000)
 ParOldGen       total 84992K, used 8K [0x0000000085600000, 0x000000008a900000, 0x00000000d7200000)
  object space 84992K, 0% used [0x0000000085600000,0x0000000085602000,0x000000008a900000)
 Metaspace       used 2780K, capacity 4502K, committed 4864K, reserved 1056768K
  class space    used 300K, capacity 390K, committed 512K, reserved 1048576K
}
Event: 1,164 GC heap before
{Heap before GC invocations=7 (full 0):
 PSYoungGen      total 128000K, used 127538K [0x00000000d7200000, 0x00000000df000000, 0x0000000100000000)
  eden space 126976K, 100% used [0x00000000d7200000,0x00000000dee00000,0x00000000dee00000)
  from space 1024K, 54% used [0x00000000def00000,0x00000000def8cbe0,0x00000000df000000)
  to   space 1024K, 0% used [0x00000000dee00000,0x00000000dee00000,0x00000000def00000)
 ParOldGen       total 84992K, used 8K [0x0000000085600000, 0x000000008a900000, 0x00000000d7200000)
  object space 84992K, 0% used [0x0000000085600000,0x0000000085602000,0x000000008a900000)
 Metaspace       used 2780K, capacity 4502K, committed 4864K, reserved 1056768K
  class space    used 300K, capacity 390K, committed 512K, reserved 1048576K
Event: 1,166 GC heap after
Heap after GC invocations=7 (full 0):
 PSYoungGen      total 128000K, used 122K [0x00000000d7200000, 0x00000000e6c00000, 0x0000000100000000)
  eden space 126976K, 0% used [0x00000000d7200000,0x00000000d7200000,0x00000000dee00000)
  from space 1024K, 11% used [0x00000000dee00000,0x00000000dee1e860,0x00000000def00000)
  to   space 1024K, 0% used [0x00000000e6b00000,0x00000000e6b00000,0x00000000e6c00000)
 ParOldGen       total 84992K, used 388K [0x0000000085600000, 0x000000008a900000, 0x00000000d7200000)
  object space 84992K, 0% used [0x0000000085600000,0x0000000085661060,0x000000008a900000)
 Metaspace       used 2780K, capacity 4502K, committed 4864K, reserved 1056768K
  class space    used 300K, capacity 390K, committed 512K, reserved 1048576K
}
Event: 1,289 GC heap before
{Heap before GC invocations=8 (full 0):
 PSYoungGen      total 128000K, used 127007K [0x00000000d7200000, 0x00000000e6c00000, 0x0000000100000000)
  eden space 126976K, 99% used [0x00000000d7200000,0x00000000dede93e0,0x00000000dee00000)
  from space 1024K, 11% used [0x00000000dee00000,0x00000000dee1e860,0x00000000def00000)
  to   space 1024K, 0% used [0x00000000e6b00000,0x00000000e6b00000,0x00000000e6c00000)
 ParOldGen       total 84992K, used 388K [0x0000000085600000, 0x000000008a900000, 0x00000000d7200000)
  object space 84992K, 0% used [0x0000000085600000,0x0000000085661060,0x000000008a900000)
 Metaspace       used 2780K, capacity 4502K, committed 4864K, reserved 1056768K
  class space    used 300K, capacity 390K, committed 512K, reserved 1048576K
Event: 1,290 GC heap after
Heap after GC invocations=8 (full 0):
 PSYoungGen      total 254976K, used 272K [0x00000000d7200000, 0x00000000e6c00000, 0x0000000100000000)
  eden space 253952K, 0% used [0x00000000d7200000,0x00000000d7200000,0x00000000e6a00000)
  from space 1024K, 26% used [0x00000000e6b00000,0x00000000e6b440c0,0x00000000e6c00000)
  to   space 1024K, 0% used [0x00000000e6a00000,0x00000000e6a00000,0x00000000e6b00000)
 ParOldGen       total 84992K, used 396K [0x0000000085600000, 0x000000008a900000, 0x00000000d7200000)
  object space 84992K, 0% used [0x0000000085600000,0x0000000085663060,0x000000008a900000)
 Metaspace       used 2780K, capacity 4502K, committed 4864K, reserved 1056768K
  class space    used 300K, capacity 390K, committed 512K, reserved 1048576K
}
Event: 1,605 GC heap before
{Heap before GC invocations=9 (full 0):
 PSYoungGen      total 254976K, used 254189K [0x00000000d7200000, 0x00000000e6c00000, 0x0000000100000000)
  eden space 253952K, 99% used [0x00000000d7200000,0x00000000e69f7520,0x00000000e6a00000)
  from space 1024K, 26% used [0x00000000e6b00000,0x00000000e6b440c0,0x00000000e6c00000)
  to   space 1024K, 0% used [0x00000000e6a00000,0x00000000e6a00000,0x00000000e6b00000)
 ParOldGen       total 84992K, used 396K [0x0000000085600000, 0x000000008a900000, 0x00000000d7200000)
  object space 84992K, 0% used [0x0000000085600000,0x0000000085663060,0x000000008a900000)
 Metaspace       used 2780K, capacity 4502K, committed 4864K, reserved 1056768K
  class space    used 300K, capacity 390K, committed 512K, reserved 1048576K
Event: 1,607 GC heap after
Heap after GC invocations=9 (full 0):
 PSYoungGen      total 254976K, used 159K [0x00000000d7200000, 0x00000000f0100000, 0x0000000100000000)
  eden space 253952K, 0% used [0x00000000d7200000,0x00000000d7200000,0x00000000e6a00000)
  from space 1024K, 15% used [0x00000000e6a00000,0x00000000e6a27e40,0x00000000e6b00000)
  to   space 1024K, 0% used [0x00000000f0000000,0x00000000f0000000,0x00000000f0100000)
 ParOldGen       total 84992K, used 396K [0x0000000085600000, 0x000000008a900000, 0x00000000d7200000)
  object space 84992K, 0% used [0x0000000085600000,0x0000000085663060,0x000000008a900000)
 Metaspace       used 2780K, capacity 4502K, committed 4864K, reserved 1056768K
  class space    used 300K, capacity 390K, committed 512K, reserved 1048576K
}
Event: 1,720 GC heap before
{Heap before GC invocations=10 (full 0):
 PSYoungGen      total 254976K, used 253992K [0x00000000d7200000, 0x00000000f0100000, 0x0000000100000000)
  eden space 253952K, 99% used [0x00000000d7200000,0x00000000e69e2240,0x00000000e6a00000)
  from space 1024K, 15% used [0x00000000e6a00000,0x00000000e6a27e40,0x00000000e6b00000)
  to   space 1024K, 0% used [0x00000000f0000000,0x00000000f0000000,0x00000000f0100000)
 ParOldGen       total 84992K, used 396K [0x0000000085600000, 0x000000008a900000, 0x00000000d7200000)
  object space 84992K, 0% used [0x0000000085600000,0x0000000085663060,0x000000008a900000)
 Metaspace       used 2780K, capacity 4502K, committed 4864K, reserved 1056768K
  class space    used 300K, capacity 390K, committed 512K, reserved 1048576K
Event: 1,722 GC heap after
Heap after GC invocations=10 (full 0):
 PSYoungGen      total 407552K, used 326K [0x00000000d7200000, 0x00000000f0100000, 0x0000000100000000)
  eden space 406528K, 0% used [0x00000000d7200000,0x00000000d7200000,0x00000000eff00000)
  from space 1024K, 31% used [0x00000000f0000000,0x00000000f0051af0,0x00000000f0100000)
  to   space 1024K, 0% used [0x00000000eff00000,0x00000000eff00000,0x00000000f0000000)
 ParOldGen       total 84992K, used 404K [0x0000000085600000, 0x000000008a900000, 0x00000000d7200000)
  object space 84992K, 0% used [0x0000000085600000,0x0000000085665060,0x000000008a900000)
 Metaspace       used 2780K, capacity 4502K, committed 4864K, reserved 1056768K
  class space    used 300K, capacity 390K, committed 512K, reserved 1048576K
}
Event: 2,301 GC heap before
{Heap before GC invocations=11 (full 0):
 PSYoungGen      total 407552K, used 406805K [0x00000000d7200000, 0x00000000f0100000, 0x0000000100000000)
  eden space 406528K, 99% used [0x00000000d7200000,0x00000000efef3c28,0x00000000eff00000)
  from space 1024K, 31% used [0x00000000f0000000,0x00000000f0051af0,0x00000000f0100000)
  to   space 1024K, 0% used [0x00000000eff00000,0x00000000eff00000,0x00000000f0000000)
 ParOldGen       total 84992K, used 404K [0x0000000085600000, 0x000000008a900000, 0x00000000d7200000)
  object space 84992K, 0% used [0x0000000085600000,0x0000000085665060,0x000000008a900000)
 Metaspace       used 2780K, capacity 4502K, committed 4864K, reserved 1056768K
  class space    used 300K, capacity 390K, committed 512K, reserved 1048576K

